<?xml version="1.0" encoding="UTF-8"?>
<coverage generated="1717239018382" clover="3.2.0">
  <project timestamp="1717239018382" name="All files">
    <metrics statements="4" coveredstatements="4" conditionals="2" coveredconditionals="2" methods="1" coveredmethods="1" elements="7" coveredelements="7" complexity="0" loc="4" ncloc="4" packages="1" files="1" classes="1"/>
    <file name="check-admin.js" path="C:\Users\User\OneDrive - Instituto Politécnico do Porto\Faculdade 2022\Cadeiras\2 Ano\2 Semestre\CozyStay-Back\middleware\check-admin.js">
      <metrics statements="4" coveredstatements="4" conditionals="2" coveredconditionals="2" methods="1" coveredmethods="1"/>
      <line num="8" count="1" type="stmt"/>
      <line num="10" count="2" type="cond" truecount="2" falsecount="0"/>
      <line num="12" count="1" type="stmt"/>
      <line num="15" count="1" type="stmt"/>
    </file>
  </project>
</coverage>
