{"C:\\Users\\User\\OneDrive - Instituto Politécnico do Porto\\Faculdade 2022\\Cadeiras\\2 Ano\\2 Semestre\\CozyStay-Back\\middleware\\check-auth.js": {"path":"C:\\Users\\User\\OneDrive - Instituto Politécnico do Porto\\Faculdade 2022\\Cadeiras\\2 Ano\\2 Semestre\\CozyStay-Back\\middleware\\check-auth.js","statementMap":{"0":{"start":{"line":2,"column":12},"end":{"line":2,"column":35}},"1":{"start":{"line":11,"column":0},"end":{"line":39,"column":2}},"2":{"start":{"line":12,"column":4},"end":{"line":38,"column":5}},"3":{"start":{"line":14,"column":22},"end":{"line":14,"column":61}},"4":{"start":{"line":18,"column":24},"end":{"line":18,"column":62}},"5":{"start":{"line":21,"column":8},"end":{"line":21,"column":31}},"6":{"start":{"line":24,"column":8},"end":{"line":24,"column":15}},"7":{"start":{"line":27,"column":8},"end":{"line":37,"column":9}},"8":{"start":{"line":29,"column":12},"end":{"line":31,"column":15}},"9":{"start":{"line":34,"column":12},"end":{"line":36,"column":15}}},"fnMap":{"0":{"name":"(anonymous_0)","decl":{"start":{"line":11,"column":17},"end":{"line":11,"column":18}},"loc":{"start":{"line":11,"column":43},"end":{"line":39,"column":1}},"line":11}},"branchMap":{"0":{"loc":{"start":{"line":27,"column":8},"end":{"line":37,"column":9}},"type":"if","locations":[{"start":{"line":27,"column":8},"end":{"line":37,"column":9}},{"start":{"line":32,"column":15},"end":{"line":37,"column":9}}],"line":27}},"s":{"0":1,"1":1,"2":3,"3":3,"4":3,"5":0,"6":0,"7":3,"8":1,"9":2},"f":{"0":3},"b":{"0":[1,2]},"_coverageSchema":"1a1c01bbd47fc00a2c39e90264f33305004495a9","hash":"b3ae2032cf3dedd51a98b842ad1c7cff5375e621"}
}
