{"C:\\Users\\User\\OneDrive - Instituto Politécnico do Porto\\Faculdade 2022\\Cadeiras\\2 Ano\\2 Semestre\\CozyStay-Back\\middleware\\check-admin.js": {"path":"C:\\Users\\User\\OneDrive - Instituto Politécnico do Porto\\Faculdade 2022\\Cadeiras\\2 Ano\\2 Semestre\\CozyStay-Back\\middleware\\check-admin.js","statementMap":{"0":{"start":{"line":8,"column":0},"end":{"line":19,"column":1}},"1":{"start":{"line":10,"column":4},"end":{"line":18,"column":5}},"2":{"start":{"line":12,"column":8},"end":{"line":12,"column":15}},"3":{"start":{"line":15,"column":8},"end":{"line":17,"column":11}}},"fnMap":{"0":{"name":"(anonymous_0)","decl":{"start":{"line":8,"column":17},"end":{"line":8,"column":18}},"loc":{"start":{"line":8,"column":37},"end":{"line":19,"column":1}},"line":8}},"branchMap":{"0":{"loc":{"start":{"line":10,"column":4},"end":{"line":18,"column":5}},"type":"if","locations":[{"start":{"line":10,"column":4},"end":{"line":18,"column":5}},{"start":{"line":13,"column":11},"end":{"line":18,"column":5}}],"line":10}},"s":{"0":1,"1":2,"2":1,"3":1},"f":{"0":2},"b":{"0":[1,1]},"_coverageSchema":"1a1c01bbd47fc00a2c39e90264f33305004495a9","hash":"a3862dd2109de2148651f667d84bd5b42bab7ec3"}
}
